2021-03-04 17:07:25,022 - looper.py - INFO - ----- 当前时间为： 2021-03-04 17:07:25 -----
2021-03-04 17:07:25,023 - looper.py - INFO - 2021-03-04 17:07:25 cpu:0.0%, mem:65.6%
2021-03-04 17:07:25,023 - monitor.py - Fund Monitor - INFO - 以global_config文件中的target_fund为目标进行全量查找
2021-03-04 17:07:25,434 - looper.py - INFO - 基金:易方达裕丰回报债券 | 债券型 | 收益率: -0.88 %
2021-03-04 17:07:25,435 - looper.py - INFO - 基金:前海开源国家比较优势混合 | 混合型 | 收益率: -4.80 %
2021-03-04 17:07:25,435 - looper.py - INFO - 基金:易方达蓝筹精选混合 | 混合型 | 收益率: -4.80 %
2021-03-04 17:07:25,435 - looper.py - INFO - 基金:中欧医疗创新股票C | 股票型 | 收益率: -5.25 %
2021-03-04 17:07:25,435 - looper.py - INFO - 基金:富国沪深300指数增强 | 股票指数 | 收益率: -2.99 %
2021-03-04 17:07:25,435 - looper.py - INFO - 基金:易方达中小盘混合 | 混合型 | 收益率: -4.04 %
2021-03-04 17:07:25,435 - looper.py - INFO - 基金:富国天惠成长混合A/B(LOF) | 混合型 | 收益率: -3.01 %
2021-03-04 17:07:25,435 - looper.py - INFO - 基金:富国中证500指数(LOF) | 股票指数 | 收益率: -1.79 %
2021-03-04 17:12:25,442 - looper.py - INFO - 2021-03-04 17:12:25 cpu:28.2%, mem:65.5%
2021-03-04 17:17:25,029 - looper.py - INFO - ----- 当前时间为： 2021-03-04 17:17:25 -----
2021-03-04 17:17:25,030 - looper.py - INFO - 2021-03-04 17:17:25 cpu:38.2%, mem:65.2%
2021-03-04 17:22:25,448 - looper.py - INFO - 2021-03-04 17:22:25 cpu:29.2%, mem:66.0%
2021-03-04 17:22:58,962 - looper.py - INFO - 2021-03-04 17:22:58 cpu:0.0%, mem:65.7%
2021-03-04 17:22:58,962 - monitor.py - Fund Monitor - INFO - 以global_config文件中的target_fund为目标进行全量查找
2021-03-04 17:22:59,446 - looper.py - INFO - 基金:易方达裕丰回报债券 | 债券型 | 收益率: -0.88 %
2021-03-04 17:22:59,446 - looper.py - INFO - 基金:前海开源国家比较优势混合 | 混合型 | 收益率: -4.80 %
2021-03-04 17:22:59,446 - looper.py - INFO - 基金:易方达蓝筹精选混合 | 混合型 | 收益率: -4.80 %
2021-03-04 17:22:59,446 - looper.py - INFO - 基金:中欧医疗创新股票C | 股票型 | 收益率: -5.25 %
2021-03-04 17:22:59,446 - looper.py - INFO - 基金:富国沪深300指数增强 | 股票指数 | 收益率: -2.99 %
2021-03-04 17:22:59,446 - looper.py - INFO - 基金:易方达中小盘混合 | 混合型 | 收益率: -4.04 %
2021-03-04 17:22:59,446 - looper.py - INFO - 基金:富国天惠成长混合A/B(LOF) | 混合型 | 收益率: -3.01 %
2021-03-04 17:22:59,446 - looper.py - INFO - 基金:富国中证500指数(LOF) | 股票指数 | 收益率: -1.79 %
